<?xml version="1.0" encoding="UTF-8"?>
<testsuite name="com.katehdiffo.parts.PartApplicationTest" tests="15" skipped="0" failures="0" errors="0" timestamp="2019-01-16T16:06:14" hostname="cheetah" time="1.344">
  <properties/>
  <testcase name="returnListOfPartsWhenSomePartsHaveBeenStored" classname="com.katehdiffo.parts.PartApplicationTest" time="0.984"/>
  <testcase name="return404WhenSpecifiedPartDoesNotExist" classname="com.katehdiffo.parts.PartApplicationTest" time="0.02"/>
  <testcase name="return404IfPartIsNotPresent" classname="com.katehdiffo.parts.PartApplicationTest" time="0.054"/>
  <testcase name="return400WhenFieldHasWrongInputType" classname="com.katehdiffo.parts.PartApplicationTest" time="0.02"/>
  <testcase name="createMultiplePartsGetSequentialIds" classname="com.katehdiffo.parts.PartApplicationTest" time="0.049"/>
  <testcase name="createAPart" classname="com.katehdiffo.parts.PartApplicationTest" time="0.032"/>
  <testcase name="updateAllFieldsOfAPreExistingPart" classname="com.katehdiffo.parts.PartApplicationTest" time="0.032"/>
  <testcase name="return400IfAFieldIsMissing" classname="com.katehdiffo.parts.PartApplicationTest" time="0.012"/>
  <testcase name="returnEmptyListWhenNoPartsHaveBeenStored" classname="com.katehdiffo.parts.PartApplicationTest" time="0.008"/>
  <testcase name="returnASpecificPart" classname="com.katehdiffo.parts.PartApplicationTest" time="0.024"/>
  <testcase name="deletePartWhenIdIsSpecified" classname="com.katehdiffo.parts.PartApplicationTest" time="0.011"/>
  <testcase name="return400IfUpdatingFieldWithInvalidValue" classname="com.katehdiffo.parts.PartApplicationTest" time="0.012"/>
  <testcase name="updateOneFieldOfAPreExistingPart" classname="com.katehdiffo.parts.PartApplicationTest" time="0.031"/>
  <testcase name="ignorePartIdIfIdIsPassedIn" classname="com.katehdiffo.parts.PartApplicationTest" time="0.042"/>
  <testcase name="return404whenDeletingAPartThatDoesNotExist" classname="com.katehdiffo.parts.PartApplicationTest" time="0.01"/>
  <system-out><![CDATA[]]></system-out>
  <system-err><![CDATA[]]></system-err>
</testsuite>
